
> video-chat-frontend@1.0.0 dev
> next dev -p 3000

  ▲ Next.js 14.2.33
  - Local:        http://localhost:3000
  - Environments: .env.local

 ✓ Starting...
 ✓ Ready in 1643ms
 ○ Compiling / ...
 ✓ Compiled / in 8.9s (1518 modules)
🔧 API config {
  NODE_ENV: 'development',
  NEXT_PUBLIC_API_URL: 'https://web-production-3ba7e.up.railway.app',
  API_BASE_URL: 'https://web-production-3ba7e.up.railway.app'
}
 GET / 200 in 9419ms
 ✓ Compiled in 916ms (705 modules)
 GET / 200 in 73ms
 GET / 200 in 65ms
 GET / 200 in 64ms
 GET / 200 in 46ms
 ○ Compiling /icon.svg ...
 ✓ Compiled /icon.svg in 603ms (826 modules)
 GET /icon.svg?8c1d31cfb13abd62 200 in 725ms
 ✓ Compiled in 1167ms (1460 modules)
🔧 API config {
  NODE_ENV: 'development',
  NEXT_PUBLIC_API_URL: 'https://web-production-3ba7e.up.railway.app',
  API_BASE_URL: 'https://web-production-3ba7e.up.railway.app'
}
 GET / 200 in 226ms
 GET / 200 in 68ms
 GET / 200 in 68ms
 GET / 200 in 51ms
 GET / 200 in 61ms
 GET / 200 in 55ms
 GET / 200 in 53ms
 GET / 200 in 46ms
 ✓ Compiled /icon.svg in 241ms (806 modules)
 GET /icon.svg?8c1d31cfb13abd62 200 in 368ms
🔧 API config {
  NODE_ENV: 'development',
  NEXT_PUBLIC_API_URL: 'https://web-production-3ba7e.up.railway.app',
  API_BASE_URL: 'https://web-production-3ba7e.up.railway.app'
}
 GET / 200 in 240ms
 GET / 200 in 57ms
 GET / 200 in 73ms
 GET / 200 in 67ms
 GET / 200 in 84ms
 GET / 200 in 76ms
 GET /icon.svg?8c1d31cfb13abd62 200 in 19ms
 GET / 200 in 38ms
 GET / 200 in 38ms
 GET / 200 in 61ms
 GET / 200 in 37ms
 GET / 200 in 65ms
  ▲ Next.js 14.2.33
  - Local:        http://localhost:3000
  - Environments: .env.local

 ✓ Starting...
 ✓ Ready in 2s
[?25h
